<?xml version="1.0" encoding="UTF-8"?>
<!-- Generated by org.testng.reporters.JUnitXMLReporter -->
<testsuite ignored="0" hostname="SumitDhiman" failures="0" tests="6" name="Default test" time="133.988" errors="0" timestamp="2025-02-20T13:34:36 AWST">
  <testcase classname="planittesting.Tests.ContactPageTests" name="mandatoryFields" time="30.778"/>
  <testcase classname="planittesting.Tests.ContactPageTests" name="submitFeedback" time="13.823"/>
  <testcase classname="planittesting.Tests.ContactPageTests" name="submitFeedback" time="14.341"/>
  <testcase classname="planittesting.Tests.ContactPageTests" name="submitFeedback" time="16.412"/>
  <testcase classname="planittesting.Tests.ContactPageTests" name="submitFeedback" time="12.274"/>
  <testcase classname="planittesting.Tests.ContactPageTests" name="submitFeedback" time="23.787"/>
</testsuite> <!-- Default test -->
