<?xml version="1.0" encoding="UTF-8"?>
<!-- Generated by org.testng.reporters.JUnitXMLReporter -->
<testsuite ignored="0" hostname="SumitDhiman" failures="0" tests="6" name="Contact Page Tests" time="129.97" errors="0" timestamp="2025-02-20T13:37:19 AWST">
  <testcase classname="planittesting.Tests.ContactPageTests" name="mandatoryFields" time="30.697"/>
  <testcase classname="planittesting.Tests.ContactPageTests" name="submitFeedback" time="12.233"/>
  <testcase classname="planittesting.Tests.ContactPageTests" name="submitFeedback" time="12.818"/>
  <testcase classname="planittesting.Tests.ContactPageTests" name="submitFeedback" time="13.987"/>
  <testcase classname="planittesting.Tests.ContactPageTests" name="submitFeedback" time="22.038"/>
  <testcase classname="planittesting.Tests.ContactPageTests" name="submitFeedback" time="16.612"/>
</testsuite> <!-- Contact Page Tests -->
