<?xml version="1.0" encoding="UTF-8"?>
<testng-results ignored="0" total="7" passed="7" failed="0" skipped="0">
  <reporter-output>
  </reporter-output>
  <suite started-at="2025-02-20T13:35:09 AWST" name="Suite" finished-at="2025-02-20T13:37:25 AWST" duration-ms="136774">
    <groups>
    </groups>
    <test started-at="2025-02-20T13:35:09 AWST" name="Contact Page Tests" finished-at="2025-02-20T13:37:18 AWST" duration-ms="129970">
      <class name="planittesting.Tests.ContactPageTests">
        <test-method is-config="true" signature="LaunchApplication()[pri:0, instance:planittesting.Tests.ContactPageTests@5143c662]" started-at="2025-02-20T13:35:09 AWST" name="LaunchApplication" finished-at="2025-02-20T13:35:12 AWST" duration-ms="3776" status="PASS">
          <reporter-output>
          </reporter-output>
        </test-method> <!-- LaunchApplication -->
        <test-method signature="mandatoryFields()[pri:0, instance:planittesting.Tests.ContactPageTests@5143c662]" started-at="2025-02-20T13:35:12 AWST" name="mandatoryFields" finished-at="2025-02-20T13:35:43 AWST" duration-ms="30697" status="PASS">
          <reporter-output>
          </reporter-output>
        </test-method> <!-- mandatoryFields -->
        <test-method is-config="true" signature="tearDown()[pri:0, instance:planittesting.Tests.ContactPageTests@5143c662]" started-at="2025-02-20T13:35:43 AWST" name="tearDown" finished-at="2025-02-20T13:35:43 AWST" duration-ms="110" status="PASS">
          <reporter-output>
          </reporter-output>
        </test-method> <!-- tearDown -->
        <test-method is-config="true" signature="LaunchApplication()[pri:0, instance:planittesting.Tests.ContactPageTests@5143c662]" started-at="2025-02-20T13:35:43 AWST" name="LaunchApplication" finished-at="2025-02-20T13:35:47 AWST" duration-ms="3587" status="PASS">
          <reporter-output>
          </reporter-output>
        </test-method> <!-- LaunchApplication -->
        <test-method signature="submitFeedback(java.util.HashMap)[pri:0, instance:planittesting.Tests.ContactPageTests@5143c662]" started-at="2025-02-20T13:35:47 AWST" name="submitFeedback" data-provider="getData" finished-at="2025-02-20T13:35:59 AWST" duration-ms="12233" status="PASS">
          <params>
            <param index="0">
              <value>
                <![CDATA[{forename=Test1 Forename, feedbackMessage=Test 1 Message, email=test1email@xyz.com}]]>
              </value>
            </param>
          </params>
          <reporter-output>
          </reporter-output>
        </test-method> <!-- submitFeedback -->
        <test-method is-config="true" signature="tearDown()[pri:0, instance:planittesting.Tests.ContactPageTests@5143c662]" started-at="2025-02-20T13:35:59 AWST" name="tearDown" finished-at="2025-02-20T13:35:59 AWST" duration-ms="118" status="PASS">
          <reporter-output>
          </reporter-output>
        </test-method> <!-- tearDown -->
        <test-method is-config="true" signature="LaunchApplication()[pri:0, instance:planittesting.Tests.ContactPageTests@5143c662]" started-at="2025-02-20T13:35:59 AWST" name="LaunchApplication" finished-at="2025-02-20T13:36:03 AWST" duration-ms="3192" status="PASS">
          <reporter-output>
          </reporter-output>
        </test-method> <!-- LaunchApplication -->
        <test-method signature="submitFeedback(java.util.HashMap)[pri:0, instance:planittesting.Tests.ContactPageTests@5143c662]" started-at="2025-02-20T13:36:03 AWST" name="submitFeedback" data-provider="getData" finished-at="2025-02-20T13:36:15 AWST" duration-ms="12818" status="PASS">
          <params>
            <param index="0">
              <value>
                <![CDATA[{forename=Test2 Forename, feedbackMessage=Test 2 Message, email=test2email@xyz.com.au}]]>
              </value>
            </param>
          </params>
          <reporter-output>
          </reporter-output>
        </test-method> <!-- submitFeedback -->
        <test-method is-config="true" signature="tearDown()[pri:0, instance:planittesting.Tests.ContactPageTests@5143c662]" started-at="2025-02-20T13:36:15 AWST" name="tearDown" finished-at="2025-02-20T13:36:16 AWST" duration-ms="94" status="PASS">
          <reporter-output>
          </reporter-output>
        </test-method> <!-- tearDown -->
        <test-method is-config="true" signature="LaunchApplication()[pri:0, instance:planittesting.Tests.ContactPageTests@5143c662]" started-at="2025-02-20T13:36:16 AWST" name="LaunchApplication" finished-at="2025-02-20T13:36:19 AWST" duration-ms="3328" status="PASS">
          <reporter-output>
          </reporter-output>
        </test-method> <!-- LaunchApplication -->
        <test-method signature="submitFeedback(java.util.HashMap)[pri:0, instance:planittesting.Tests.ContactPageTests@5143c662]" started-at="2025-02-20T13:36:19 AWST" name="submitFeedback" data-provider="getData" finished-at="2025-02-20T13:36:33 AWST" duration-ms="13987" status="PASS">
          <params>
            <param index="0">
              <value>
                <![CDATA[{forename=Test3 Forename, feedbackMessage=Test 3 Message, email=test3email@xyz.co.in}]]>
              </value>
            </param>
          </params>
          <reporter-output>
          </reporter-output>
        </test-method> <!-- submitFeedback -->
        <test-method is-config="true" signature="tearDown()[pri:0, instance:planittesting.Tests.ContactPageTests@5143c662]" started-at="2025-02-20T13:36:33 AWST" name="tearDown" finished-at="2025-02-20T13:36:33 AWST" duration-ms="111" status="PASS">
          <reporter-output>
          </reporter-output>
        </test-method> <!-- tearDown -->
        <test-method is-config="true" signature="LaunchApplication()[pri:0, instance:planittesting.Tests.ContactPageTests@5143c662]" started-at="2025-02-20T13:36:33 AWST" name="LaunchApplication" finished-at="2025-02-20T13:36:36 AWST" duration-ms="3476" status="PASS">
          <reporter-output>
          </reporter-output>
        </test-method> <!-- LaunchApplication -->
        <test-method signature="submitFeedback(java.util.HashMap)[pri:0, instance:planittesting.Tests.ContactPageTests@5143c662]" started-at="2025-02-20T13:36:36 AWST" name="submitFeedback" data-provider="getData" finished-at="2025-02-20T13:36:58 AWST" duration-ms="22038" status="PASS">
          <params>
            <param index="0">
              <value>
                <![CDATA[{forename=Test4 Forename, feedbackMessage=Test 4 Message, email=test4email@sa.gov.au}]]>
              </value>
            </param>
          </params>
          <reporter-output>
          </reporter-output>
        </test-method> <!-- submitFeedback -->
        <test-method is-config="true" signature="tearDown()[pri:0, instance:planittesting.Tests.ContactPageTests@5143c662]" started-at="2025-02-20T13:36:58 AWST" name="tearDown" finished-at="2025-02-20T13:36:59 AWST" duration-ms="63" status="PASS">
          <reporter-output>
          </reporter-output>
        </test-method> <!-- tearDown -->
        <test-method is-config="true" signature="LaunchApplication()[pri:0, instance:planittesting.Tests.ContactPageTests@5143c662]" started-at="2025-02-20T13:36:59 AWST" name="LaunchApplication" finished-at="2025-02-20T13:37:02 AWST" duration-ms="3269" status="PASS">
          <reporter-output>
          </reporter-output>
        </test-method> <!-- LaunchApplication -->
        <test-method signature="submitFeedback(java.util.HashMap)[pri:0, instance:planittesting.Tests.ContactPageTests@5143c662]" started-at="2025-02-20T13:37:02 AWST" name="submitFeedback" data-provider="getData" finished-at="2025-02-20T13:37:18 AWST" duration-ms="16612" status="PASS">
          <params>
            <param index="0">
              <value>
                <![CDATA[{forename=Test5 Forename, feedbackMessage=Test 5 Message, email=test5email@xyz.net}]]>
              </value>
            </param>
          </params>
          <reporter-output>
          </reporter-output>
        </test-method> <!-- submitFeedback -->
        <test-method is-config="true" signature="tearDown()[pri:0, instance:planittesting.Tests.ContactPageTests@5143c662]" started-at="2025-02-20T13:37:18 AWST" name="tearDown" finished-at="2025-02-20T13:37:18 AWST" duration-ms="83" status="PASS">
          <reporter-output>
          </reporter-output>
        </test-method> <!-- tearDown -->
      </class> <!-- planittesting.Tests.ContactPageTests -->
    </test> <!-- Contact Page Tests -->
    <test started-at="2025-02-20T13:37:19 AWST" name="Cart Page Tests" finished-at="2025-02-20T13:37:25 AWST" duration-ms="6301">
      <class name="planittesting.Tests.CartPageTests">
        <test-method is-config="true" signature="LaunchApplication()[pri:0, instance:planittesting.Tests.CartPageTests@6fe1b4fb]" started-at="2025-02-20T13:37:19 AWST" name="LaunchApplication" finished-at="2025-02-20T13:37:22 AWST" duration-ms="3349" status="PASS">
          <reporter-output>
          </reporter-output>
        </test-method> <!-- LaunchApplication -->
        <test-method signature="CartPageTests(int,int,int)[pri:0, instance:planittesting.Tests.CartPageTests@6fe1b4fb]" started-at="2025-02-20T13:37:22 AWST" name="CartPageTests" data-provider="testData" finished-at="2025-02-20T13:37:25 AWST" duration-ms="2858" status="PASS">
          <params>
            <param index="0">
              <value>
                <![CDATA[2]]>
              </value>
            </param>
            <param index="1">
              <value>
                <![CDATA[5]]>
              </value>
            </param>
            <param index="2">
              <value>
                <![CDATA[3]]>
              </value>
            </param>
          </params>
          <reporter-output>
          </reporter-output>
        </test-method> <!-- CartPageTests -->
        <test-method is-config="true" signature="tearDown()[pri:0, instance:planittesting.Tests.CartPageTests@6fe1b4fb]" started-at="2025-02-20T13:37:25 AWST" name="tearDown" finished-at="2025-02-20T13:37:25 AWST" duration-ms="93" status="PASS">
          <reporter-output>
          </reporter-output>
        </test-method> <!-- tearDown -->
      </class> <!-- planittesting.Tests.CartPageTests -->
    </test> <!-- Cart Page Tests -->
  </suite> <!-- Suite -->
</testng-results>
